D:\GRAF\GRAF1\DEBUG\GRAF1.EXE
D:\GRAF\GRAF1\DEBUG\GRAF1.ILK
D:\GRAF\GRAF1\DEBUG\GRAF1.PDB
D:\GRAF\GRAF1\GRAF1\DEBUG\GRAF1.EXE.EMBED.MANIFEST
D:\GRAF\GRAF1\GRAF1\DEBUG\GRAF1.EXE.EMBED.MANIFEST.RES
D:\GRAF\GRAF1\GRAF1\DEBUG\GRAF1.EXE.INTERMEDIATE.MANIFEST
D:\GRAF\GRAF1\GRAF1\DEBUG\GRAF1.OBJ
D:\GRAF\GRAF1\GRAF1\DEBUG\GRAF1.PCH
D:\GRAF\GRAF1\GRAF1\DEBUG\STDAFX.OBJ
D:\GRAF\GRAF1\GRAF1\DEBUG\VC100.PDB
J:\LABS\GRAF\3\GRAF1\DEBUG\GRAF1.EXE
J:\LABS\GRAF\3\GRAF1\DEBUG\GRAF1.ILK
J:\LABS\GRAF\3\GRAF1\DEBUG\GRAF1.PDB
J:\LABS\GRAF\3\GRAF1\GRAF1\DEBUG\GRAF1.EXE.EMBED.MANIFEST.RES
J:\LABS\GRAF\3\GRAF1\GRAF1\DEBUG\GRAF1.EXE.INTERMEDIATE.MANIFEST
J:\LABS\GRAF\3\GRAF1\GRAF1\DEBUG\GRAF1.OBJ
J:\LABS\GRAF\3\GRAF1\GRAF1\DEBUG\GRAF1.PCH
J:\LABS\GRAF\3\GRAF1\GRAF1\DEBUG\STDAFX.OBJ
J:\LABS\GRAF\3\GRAF1\GRAF1\DEBUG\VC100.PDB
J:\LABS\GRAF\4\GRAF1\DEBUG\GRAF1.EXE
J:\LABS\GRAF\4\GRAF1\DEBUG\GRAF1.ILK
J:\LABS\GRAF\4\GRAF1\DEBUG\GRAF1.PDB
J:\labs\graf\4\graf1\graf1\Debug\cl.command.1.tlog
J:\labs\graf\4\graf1\graf1\Debug\CL.read.1.tlog
J:\labs\graf\4\graf1\graf1\Debug\CL.write.1.tlog
J:\labs\graf\4\graf1\graf1\Debug\graf1.exe.embed.manifest
J:\LABS\GRAF\4\GRAF1\GRAF1\DEBUG\GRAF1.EXE.EMBED.MANIFEST.RES
J:\LABS\GRAF\4\GRAF1\GRAF1\DEBUG\GRAF1.EXE.INTERMEDIATE.MANIFEST
J:\LABS\GRAF\4\GRAF1\GRAF1\DEBUG\GRAF1.OBJ
J:\LABS\GRAF\4\GRAF1\GRAF1\DEBUG\GRAF1.PCH
J:\labs\graf\4\graf1\graf1\Debug\graf1_manifest.rc
J:\labs\graf\4\graf1\graf1\Debug\link.1420.read.1.tlog
J:\labs\graf\4\graf1\graf1\Debug\link.1420.write.1.tlog
J:\labs\graf\4\graf1\graf1\Debug\link.1420-cvtres.read.1.tlog
J:\labs\graf\4\graf1\graf1\Debug\link.1420-cvtres.write.1.tlog
J:\labs\graf\4\graf1\graf1\Debug\link.1940.read.1.tlog
J:\labs\graf\4\graf1\graf1\Debug\link.1940.write.1.tlog
J:\labs\graf\4\graf1\graf1\Debug\link.1940-cvtres.read.1.tlog
J:\labs\graf\4\graf1\graf1\Debug\link.1940-cvtres.write.1.tlog
J:\labs\graf\4\graf1\graf1\Debug\link.252.read.1.tlog
J:\labs\graf\4\graf1\graf1\Debug\link.252.write.1.tlog
J:\labs\graf\4\graf1\graf1\Debug\link.252-cvtres.read.1.tlog
J:\labs\graf\4\graf1\graf1\Debug\link.252-cvtres.write.1.tlog
J:\labs\graf\4\graf1\graf1\Debug\link.2632.read.1.tlog
J:\labs\graf\4\graf1\graf1\Debug\link.2632.write.1.tlog
J:\labs\graf\4\graf1\graf1\Debug\link.2632-cvtres.read.1.tlog
J:\labs\graf\4\graf1\graf1\Debug\link.2632-cvtres.write.1.tlog
J:\labs\graf\4\graf1\graf1\Debug\link.2724.read.1.tlog
J:\labs\graf\4\graf1\graf1\Debug\link.2724.write.1.tlog
J:\labs\graf\4\graf1\graf1\Debug\link.2724-cvtres.read.1.tlog
J:\labs\graf\4\graf1\graf1\Debug\link.2724-cvtres.write.1.tlog
J:\labs\graf\4\graf1\graf1\Debug\link.3256.read.1.tlog
J:\labs\graf\4\graf1\graf1\Debug\link.3256.write.1.tlog
J:\labs\graf\4\graf1\graf1\Debug\link.3336.read.1.tlog
J:\labs\graf\4\graf1\graf1\Debug\link.3336.write.1.tlog
J:\labs\graf\4\graf1\graf1\Debug\link.3336-cvtres.read.1.tlog
J:\labs\graf\4\graf1\graf1\Debug\link.3336-cvtres.write.1.tlog
J:\labs\graf\4\graf1\graf1\Debug\link.3604.read.1.tlog
J:\labs\graf\4\graf1\graf1\Debug\link.3604.write.1.tlog
J:\labs\graf\4\graf1\graf1\Debug\link.3604-cvtres.read.1.tlog
J:\labs\graf\4\graf1\graf1\Debug\link.3604-cvtres.write.1.tlog
J:\labs\graf\4\graf1\graf1\Debug\link.3936.read.1.tlog
J:\labs\graf\4\graf1\graf1\Debug\link.3936.write.1.tlog
J:\labs\graf\4\graf1\graf1\Debug\link.3936-cvtres.read.1.tlog
J:\labs\graf\4\graf1\graf1\Debug\link.3936-cvtres.write.1.tlog
J:\labs\graf\4\graf1\graf1\Debug\link.4064.read.1.tlog
J:\labs\graf\4\graf1\graf1\Debug\link.4064.write.1.tlog
J:\labs\graf\4\graf1\graf1\Debug\link.4064-cvtres.read.1.tlog
J:\labs\graf\4\graf1\graf1\Debug\link.4064-cvtres.write.1.tlog
J:\labs\graf\4\graf1\graf1\Debug\link.command.1.tlog
J:\labs\graf\4\graf1\graf1\Debug\link.read.1.tlog
J:\labs\graf\4\graf1\graf1\Debug\link.write.1.tlog
J:\labs\graf\4\graf1\graf1\Debug\link-cvtres.read.1.tlog
J:\labs\graf\4\graf1\graf1\Debug\link-cvtres.write.1.tlog
J:\labs\graf\4\graf1\graf1\Debug\mt.command.1.tlog
J:\labs\graf\4\graf1\graf1\Debug\mt.read.1.tlog
J:\labs\graf\4\graf1\graf1\Debug\mt.write.1.tlog
J:\labs\graf\4\graf1\graf1\Debug\rc.command.1.tlog
J:\labs\graf\4\graf1\graf1\Debug\rc.read.1.tlog
J:\labs\graf\4\graf1\graf1\Debug\rc.write.1.tlog
J:\LABS\GRAF\4\GRAF1\GRAF1\DEBUG\STDAFX.OBJ
J:\labs\graf\4\graf1\graf1\Debug\vc100.idb
J:\LABS\GRAF\4\GRAF1\GRAF1\DEBUG\VC100.PDB
J:\LABS\GRAF\GRAF\GRAF1\DEBUG\GRAF1.EXE
J:\LABS\GRAF\GRAF\GRAF1\DEBUG\GRAF1.ILK
J:\LABS\GRAF\GRAF\GRAF1\DEBUG\GRAF1.PDB
J:\LABS\GRAF\GRAF\GRAF1\GRAF1\DEBUG\GRAF1.EXE.EMBED.MANIFEST.RES
J:\LABS\GRAF\GRAF\GRAF1\GRAF1\DEBUG\GRAF1.EXE.INTERMEDIATE.MANIFEST
J:\LABS\GRAF\GRAF\GRAF1\GRAF1\DEBUG\GRAF1.OBJ
J:\LABS\GRAF\GRAF\GRAF1\GRAF1\DEBUG\GRAF1.PCH
J:\LABS\GRAF\GRAF\GRAF1\GRAF1\DEBUG\STDAFX.OBJ
J:\LABS\GRAF\GRAF\GRAF1\GRAF1\DEBUG\VC100.PDB
J:\LABS\GRAF\GRAF2\GRAF1\DEBUG\GRAF1.EXE
J:\LABS\GRAF\GRAF2\GRAF1\DEBUG\GRAF1.ILK
J:\LABS\GRAF\GRAF2\GRAF1\DEBUG\GRAF1.PDB
J:\LABS\GRAF\GRAF2\GRAF1\GRAF1\DEBUG\GRAF1.EXE.EMBED.MANIFEST.RES
J:\LABS\GRAF\GRAF2\GRAF1\GRAF1\DEBUG\GRAF1.EXE.INTERMEDIATE.MANIFEST
J:\LABS\GRAF\GRAF2\GRAF1\GRAF1\DEBUG\GRAF1.OBJ
J:\LABS\GRAF\GRAF2\GRAF1\GRAF1\DEBUG\GRAF1.PCH
J:\LABS\GRAF\GRAF2\GRAF1\GRAF1\DEBUG\STDAFX.OBJ
J:\LABS\GRAF\GRAF2\GRAF1\GRAF1\DEBUG\VC100.PDB
